# JRE version: OpenJDK Runtime Environment Temurin-19.0.2+7 (19.0.2+7) (build 19.0.2+7)
# Java VM: OpenJDK 64-Bit Server VM Temurin-19.0.2+7 (19.0.2+7, mixed mode, sharing, tiered, compressed oops, compressed class ptrs, g1 gc, windows-amd64)
GC Precious Log:
 CardTable entry size: 512
 Card Set container configuration: InlinePtr #cards 5 size 8 Array Of Cards #cards 12 size 40 Howl #buckets 4 coarsen threshold 1843 Howl Bitmap #cards 512 size 80 coarsen threshold 460 Card regions per heap region 1 cards per card region 2048
 CPUs: 22 total, 22 available
 Memory: 15828M
 Large Page Support: Disabled
 NUMA Support: Disabled
 Compressed Oops: Enabled (32-bit)
 Heap Region Size: 1M
 Heap Min Capacity: 8M
 Heap Initial Capacity: 248M
 Heap Max Capacity: 1G
 Pre-touch: Disabled
 Parallel Workers: 16
 Concurrent Workers: 4
 Concurrent Refinement Workers: 16
 Periodic GC: Disabled
 String Deduplication is enabled
Heap:
 garbage-first heap   total 58368K, used 28818K [0x00000000c0000000, 0x0000000100000000)
  region size 1024K, 11 young (11264K), 3 survivors (3072K)
 Metaspace       used 26513K, committed 27328K, reserved 1114112K
  class space    used 2711K, committed 3072K, reserved 1048576K
GC Heap History (12 events):
Event: 1.005 GC heap before
{Heap before GC invocations=0 (full 0):
 garbage-first heap   total 253952K, used 22528K [0x00000000c0000000, 0x0000000100000000)
  region size 1024K, 23 young (23552K), 0 survivors (0K)
 Metaspace       used 6943K, committed 7168K, reserved 1114112K
  class space    used 674K, committed 768K, reserved 1048576K
}
Event: 1.011 GC heap after
{Heap after GC invocations=1 (full 0):
 garbage-first heap   total 253952K, used 3891K [0x00000000c0000000, 0x0000000100000000)
  region size 1024K, 3 young (3072K), 3 survivors (3072K)
 Metaspace       used 6943K, committed 7168K, reserved 1114112K
  class space    used 674K, committed 768K, reserved 1048576K
}
Event: 2.178 GC heap before
{Heap before GC invocations=1 (full 0):
 garbage-first heap   total 253952K, used 34611K [0x00000000c0000000, 0x0000000100000000)
  region size 1024K, 33 young (33792K), 3 survivors (3072K)
 Metaspace       used 15602K, committed 16192K, reserved 1114112K
  class space    used 1548K, committed 1792K, reserved 1048576K
}
Event: 2.185 GC heap after
{Heap after GC invocations=2 (full 0):
 garbage-first heap   total 253952K, used 8501K [0x00000000c0000000, 0x0000000100000000)
  region size 1024K, 5 young (5120K), 5 survivors (5120K)
 Metaspace       used 15602K, committed 16192K, reserved 1114112K
  class space    used 1548K, committed 1792K, reserved 1048576K
}
Event: 21.822 GC heap before
{Heap before GC invocations=2 (full 0):
 garbage-first heap   total 253952K, used 62773K [0x00000000c0000000, 0x0000000100000000)
  region size 1024K, 51 young (52224K), 5 survivors (5120K)
 Metaspace       used 20836K, committed 21504K, reserved 1114112K
  class space    used 2173K, committed 2496K, reserved 1048576K
}
Event: 21.828 GC heap after
{Heap after GC invocations=3 (full 0):
 garbage-first heap   total 253952K, used 15278K [0x00000000c0000000, 0x0000000100000000)
  region size 1024K, 12 young (12288K), 12 survivors (12288K)
 Metaspace       used 20836K, committed 21504K, reserved 1114112K
  class space    used 2173K, committed 2496K, reserved 1048576K
}
Event: 24.256 GC heap before
{Heap before GC invocations=4 (full 0):
 garbage-first heap   total 58368K, used 37806K [0x00000000c0000000, 0x0000000100000000)
  region size 1024K, 34 young (34816K), 12 survivors (12288K)
 Metaspace       used 24804K, committed 25536K, reserved 1114112K
  class space    used 2613K, committed 2944K, reserved 1048576K
}
Event: 24.261 GC heap after
{Heap after GC invocations=5 (full 0):
 garbage-first heap   total 58368K, used 18398K [0x00000000c0000000, 0x0000000100000000)
  region size 1024K, 4 young (4096K), 4 survivors (4096K)
 Metaspace       used 24804K, committed 25536K, reserved 1114112K
  class space    used 2613K, committed 2944K, reserved 1048576K
}
Event: 24.289 GC heap before
{Heap before GC invocations=5 (full 0):
 garbage-first heap   total 58368K, used 19422K [0x00000000c0000000, 0x0000000100000000)
  region size 1024K, 5 young (5120K), 4 survivors (4096K)
 Metaspace       used 25036K, committed 25728K, reserved 1114112K
  class space    used 2617K, committed 2944K, reserved 1048576K
}
Event: 24.291 GC heap after
{Heap after GC invocations=6 (full 0):
 garbage-first heap   total 58368K, used 18916K [0x00000000c0000000, 0x0000000100000000)
  region size 1024K, 1 young (1024K), 1 survivors (1024K)
 Metaspace       used 25036K, committed 25728K, reserved 1114112K
  class space    used 2617K, committed 2944K, reserved 1048576K
}
Event: 34.061 GC heap before
{Heap before GC invocations=6 (full 0):
 garbage-first heap   total 58368K, used 40420K [0x00000000c0000000, 0x0000000100000000)
  region size 1024K, 23 young (23552K), 1 survivors (1024K)
 Metaspace       used 26115K, committed 26880K, reserved 1114112K
  class space    used 2668K, committed 3008K, reserved 1048576K
}
Event: 34.065 GC heap after
{Heap after GC invocations=7 (full 0):
 garbage-first heap   total 58368K, used 22674K [0x00000000c0000000, 0x0000000100000000)
  region size 1024K, 3 young (3072K), 3 survivors (3072K)
 Metaspace       used 26115K, committed 26880K, reserved 1114112K
  class space    used 2668K, committed 3008K, reserved 1048576K
}

